timestamp: 2016-02-24T13:46:59.596000
CREATE TABLE plugin_ckeditor_upload(
    id INTEGER PRIMARY KEY AUTOINCREMENT,
    title CHAR(255),
    filename CHAR(255),
    flength INTEGER,
    mime_type CHAR(128),
    upload CHAR(512)
);
success!
timestamp: 2016-02-24T13:46:59.633000
CREATE TABLE auth_group(
    id INTEGER PRIMARY KEY AUTOINCREMENT,
    parent INTEGER REFERENCES auth_group (id) ON DELETE CASCADE  ,
    role CHAR(512),
    email CHAR(512),
    description TEXT,
    display_order INTEGER,
    atype CHAR(512),
    created_by INTEGER,
    created_on TIMESTAMP
);
success!
timestamp: 2016-02-24T13:46:59.659000
CREATE TABLE auth_user(
    id INTEGER PRIMARY KEY AUTOINCREMENT,
    first_name CHAR(128),
    last_name CHAR(128),
    email CHAR(512),
    username CHAR(128),
    password CHAR(512),
    registration_key CHAR(512),
    reset_password_key CHAR(512),
    registration_id CHAR(512),
    auth_group INTEGER REFERENCES auth_group (id) ON DELETE CASCADE  ,
    role CHAR(512),
    display_order INTEGER,
    created_by INTEGER,
    created_on TIMESTAMP
);
success!
timestamp: 2016-02-24T13:46:59.682000
CREATE TABLE auth_membership(
    id INTEGER PRIMARY KEY AUTOINCREMENT,
    user_id INTEGER REFERENCES auth_user (id) ON DELETE CASCADE  ,
    group_id INTEGER REFERENCES auth_group (id) ON DELETE CASCADE  
);
success!
timestamp: 2016-02-24T13:46:59.704000
CREATE TABLE auth_permission(
    id INTEGER PRIMARY KEY AUTOINCREMENT,
    group_id INTEGER REFERENCES auth_group (id) ON DELETE CASCADE  ,
    name CHAR(512),
    table_name CHAR(512),
    record_id INTEGER
);
success!
timestamp: 2016-02-24T13:46:59.728000
CREATE TABLE auth_event(
    id INTEGER PRIMARY KEY AUTOINCREMENT,
    time_stamp TIMESTAMP,
    client_ip CHAR(512),
    user_id INTEGER REFERENCES auth_user (id) ON DELETE CASCADE  ,
    origin CHAR(512),
    description TEXT
);
success!
timestamp: 2016-02-24T13:46:59.751000
CREATE TABLE auth_cas(
    id INTEGER PRIMARY KEY AUTOINCREMENT,
    user_id INTEGER REFERENCES auth_user (id) ON DELETE CASCADE  ,
    created_on TIMESTAMP,
    service CHAR(512),
    ticket CHAR(512),
    renew CHAR(1)
);
success!
timestamp: 2016-02-24T13:46:59.773000
CREATE TABLE permission(
    id INTEGER PRIMARY KEY AUTOINCREMENT,
    name CHAR(512) UNIQUE,
    description TEXT,
    display_order INTEGER,
    created_by INTEGER,
    created_on TIMESTAMP
);
success!
timestamp: 2016-02-24T13:46:59.799000
CREATE TABLE folder(
    id INTEGER PRIMARY KEY AUTOINCREMENT,
    parent INTEGER REFERENCES folder (id) ON DELETE CASCADE  ,
    name CHAR(255) UNIQUE,
    label CHAR(512),
    publish CHAR(1),
    description TEXT,
    setting TEXT,
    layout CHAR(512),
    url_link CHAR(512),
    display_order INTEGER
);
success!
timestamp: 2016-02-24T13:46:59.824000
CREATE TABLE dtable(
    id INTEGER PRIMARY KEY AUTOINCREMENT,
    name CHAR(255) UNIQUE,
    label CHAR(512),
    publish CHAR(1),
    attachment CHAR(1),
    is_import CHAR(1),
    is_comment CHAR(1),
    display_order INTEGER,
    description TEXT,
    setting TEXT,
    layout CHAR(512),
    display_row TEXT,
    display_rows TEXT,
    link_edit CHAR(512)
);
success!
timestamp: 2016-02-24T13:46:59.848000
CREATE TABLE dcontent(
    id INTEGER PRIMARY KEY AUTOINCREMENT,
    folder INTEGER REFERENCES folder (id) ON DELETE CASCADE  ,
    dtable CHAR(512),
    table_id INTEGER,
    link CHAR(512),
    name CHAR(512),
    avatar CHAR(512),
    description TEXT,
    publish_on TIMESTAMP,
    expired_on TIMESTAMP,
    textcontent TEXT,
    languague CHAR(512),
    publisher CHAR(512),
    creator CHAR(512),
    created_on TIMESTAMP,
    modified_on TIMESTAMP
);
success!
timestamp: 2016-02-24T13:46:59.873000
CREATE TABLE dfield(
    id INTEGER PRIMARY KEY AUTOINCREMENT,
    name CHAR(255),
    ftype CHAR(512),
    fdefine TEXT,
    fformat CHAR(512),
    ckeditor CHAR(1)
);
success!
timestamp: 2016-02-24T13:46:59.897000
CREATE TABLE tablefield(
    id INTEGER PRIMARY KEY AUTOINCREMENT,
    dtable INTEGER REFERENCES dtable (id) ON DELETE CASCADE  ,
    dfield INTEGER REFERENCES dfield (id) ON DELETE CASCADE  ,
    dlabel CHAR(512),
    writable CHAR(1),
    readable CHAR(1),
    link_on_table CHAR(1),
    show_on_table CHAR(1),
    search_on CHAR(1),
    ckeditor CHAR(1),
    fformat CHAR(512),
    display_order INTEGER
);
success!
timestamp: 2016-02-24T13:46:59.924000
CREATE TABLE procedures(
    id INTEGER PRIMARY KEY AUTOINCREMENT,
    name CHAR(255) UNIQUE,
    label CHAR(512),
    description CHAR(512),
    avatar CHAR(512),
    user_group INTEGER REFERENCES auth_group (id) ON DELETE CASCADE  ,
    auth_group TEXT,
    folder_parent INTEGER,
    folder TEXT,
    ptype CHAR(512),
    controller CHAR(512),
    tablename CHAR(512),
    year_field CHAR(512),
    is_create CHAR(1),
    select_year CHAR(1),
    display_order INTEGER
);
success!
timestamp: 2016-02-24T13:46:59.951000
CREATE TABLE process(
    id INTEGER PRIMARY KEY AUTOINCREMENT,
    procedures INTEGER REFERENCES procedures (id) ON DELETE CASCADE  ,
    paccess TEXT,
    pnext INTEGER REFERENCES process (id) ON DELETE CASCADE  ,
    name CHAR(255) UNIQUE,
    label CHAR(512),
    description CHAR(512),
    avatar CHAR(512),
    auth_group TEXT,
    view_group TEXT,
    process_group TEXT,
    pmode CHAR(512),
    ptype CHAR(512),
    url CHAR(512),
    is_first CHAR(1),
    is_copy CHAR(1),
    is_confirm CHAR(1),
    is_lock CHAR(1),
    is_comment CHAR(1),
    tablename CHAR(512),
    field TEXT,
    setting TEXT,
    display_order INTEGER,
    time_feedback INTEGER,
    time_type CHAR(512)
);
success!
timestamp: 2016-02-24T13:46:59.976000
CREATE TABLE objects(
    id INTEGER PRIMARY KEY AUTOINCREMENT,
    folder INTEGER,
    foldername CHAR(512),
    tablename CHAR(512),
    table_id INTEGER,
    objects_id INTEGER,
    process INTEGER REFERENCES process (id) ON DELETE CASCADE  ,
    auth_group INTEGER REFERENCES auth_group (id) ON DELETE CASCADE  ,
    auth_org INTEGER REFERENCES auth_group (id) ON DELETE CASCADE  ,
    publish_on TIMESTAMP,
    expired_on TIMESTAMP,
    ocomment TEXT,
    created_by INTEGER,
    created_on TIMESTAMP
);
success!
timestamp: 2016-02-24T13:47:00.007000
CREATE TABLE process_log(
    id INTEGER PRIMARY KEY AUTOINCREMENT,
    objects INTEGER REFERENCES objects (id) ON DELETE CASCADE  ,
    process INTEGER REFERENCES process (id) ON DELETE CASCADE  ,
    auth_group INTEGER REFERENCES auth_group (id) ON DELETE CASCADE  ,
    created_by INTEGER,
    created_on TIMESTAMP
);
success!
timestamp: 2016-02-24T13:47:00.037000
CREATE TABLE process_lock(
    id INTEGER PRIMARY KEY AUTOINCREMENT,
    tablename CHAR(512),
    table_id INTEGER,
    objects_id INTEGER,
    process INTEGER,
    comment_lock TEXT,
    comment_unlock TEXT,
    lock_by INTEGER,
    lock_on TIMESTAMP,
    unlock_on TIMESTAMP
);
success!
timestamp: 2016-02-24T13:47:00.062000
CREATE TABLE isread(
    id INTEGER PRIMARY KEY AUTOINCREMENT,
    objects INTEGER,
    created_by INTEGER,
    created_on TIMESTAMP
);
success!
timestamp: 2016-02-24T13:56:07.960000
CREATE TABLE portletview(
    id INTEGER PRIMARY KEY AUTOINCREMENT,
    portlettype CHAR(512),
    name CHAR(512),
    htmlcontent TEXT,
    jsfile TEXT,
    cssfile TEXT
);
success!
timestamp: 2016-03-01T15:55:00.033000
CREATE TABLE news_category(
    id INTEGER PRIMARY KEY AUTOINCREMENT,
    name CHAR(255) UNIQUE,
    display_order INTEGER
);
success!
timestamp: 2016-03-01T15:55:35.190000
ALTER TABLE news_category ADD testfield CHAR(512);
success!
success!
success!
success!
success!
success!
success!
timestamp: 2016-03-01T16:15:37.234000
CREATE TABLE news(
    id INTEGER PRIMARY KEY AUTOINCREMENT,
    folder INTEGER REFERENCES folder (id) ON DELETE CASCADE  ,
    category INTEGER REFERENCES news_category (id) ON DELETE CASCADE  ,
    name CHAR(512),
    description TEXT,
    htmlcontent TEXT,
    image CHAR(512),
    publish_on TIMESTAMP,
    expired_on TIMESTAMP,
    created_on TIMESTAMP,
    created_by INTEGER,
    display_order INTEGER
);
success!
timestamp: 2016-03-01T16:15:46.359000
ALTER TABLE news ADD testfield CHAR(512);
success!
success!
success!
success!
success!
success!
success!
success!
success!
success!
success!
success!
success!
success!
success!
success!
success!
success!
success!
success!
success!
success!
success!
success!
success!
success!
success!
success!
success!
success!
success!
success!
success!
success!
success!
success!
success!
success!
success!
success!
success!
success!
success!
success!
success!
success!
success!
success!
success!
success!
success!
success!
success!
success!
success!
success!
success!
success!
success!
success!
success!
success!
success!
success!
success!
success!
success!
success!
success!
success!
success!
success!
success!
success!
success!
success!
success!
success!
success!
success!
success!
success!
success!
success!
success!
success!
success!
success!
success!
success!
success!
success!
success!
success!
success!
success!
success!
success!
success!
timestamp: 2016-03-01T17:17:07.632000
CREATE TABLE file_upload(
    id INTEGER PRIMARY KEY AUTOINCREMENT,
    pkey CHAR(512),
    tablename CHAR(512),
    table_id CHAR(512),
    name CHAR(512),
    filetype CHAR(512),
    extension CHAR(512),
    fileversion CHAR(512),
    filesize DOUBLE,
    filecomment TEXT,
    filename CHAR(512),
    publish CHAR(1),
    textcontent TEXT,
    created_by INTEGER,
    created_on TIMESTAMP
);
success!
success!
success!
success!
success!
success!
success!
success!
success!
timestamp: 2016-03-02T09:50:34.917000
ALTER TABLE news ADD avatar CHAR(512);
success!
success!
success!
success!
success!
success!
success!
success!
success!
success!
success!
success!
success!
success!
success!
success!
success!
success!
success!
success!
success!
success!
success!
success!
success!
success!
success!
success!
success!
success!
success!
success!
success!
success!
success!
success!
success!
success!
success!
success!
success!
success!
success!
success!
success!
success!
success!
success!
success!
success!
success!
success!
success!
success!
success!
success!
success!
success!
success!
success!
success!
success!
success!
success!
success!
success!
success!
success!
success!
success!
success!
success!
success!
success!
success!
success!
success!
success!
success!
success!
success!
success!
success!
success!
success!
success!
success!
success!
success!
success!
success!
success!
success!
success!
success!
success!
success!
success!
success!
success!
success!
success!
success!
success!
success!
success!
success!
success!
success!
success!
success!
success!
success!
success!
success!
success!
success!
success!
success!
success!
success!
success!
success!
success!
success!
success!
success!
success!
success!
success!
success!
success!
success!
success!
success!
success!
success!
success!
success!
success!
success!
success!
success!
success!
success!
success!
success!
success!
success!
success!
success!
success!
success!
success!
success!
success!
success!
success!
success!
success!
success!
success!
success!
success!
success!
success!
success!
success!
success!
success!
success!
success!
success!
success!
success!
success!
success!
success!
success!
success!
success!
success!
success!
success!
success!
success!
success!
success!
success!
success!
success!
success!
success!
success!
success!
success!
success!
success!
success!
success!
success!
success!
success!
success!
success!
success!
success!
success!
success!
success!
success!
success!
success!
success!
success!
success!
success!
success!
success!
success!
success!
success!
success!
success!
success!
success!
success!
success!
success!
success!
success!
success!
success!
success!
success!
success!
success!
success!
success!
success!
success!
success!
success!
success!
success!
success!
success!
success!
success!
success!
success!
success!
success!
success!
success!
success!
success!
success!
success!
success!
success!
success!
success!
success!
success!
success!
success!
success!
success!
success!
success!
success!
success!
success!
success!
success!
success!
success!
success!
success!
success!
success!
success!
success!
success!
success!
success!
success!
success!
success!
success!
success!
success!
success!
success!
success!
success!
success!
success!
success!
success!
success!
success!
success!
success!
success!
DELETE FROM news;
DELETE FROM sqlite_sequence WHERE name='news';
success!
DELETE FROM objects;
DELETE FROM sqlite_sequence WHERE name='objects';
success!
DELETE FROM dcontent;
DELETE FROM sqlite_sequence WHERE name='dcontent';
success!
DELETE FROM process_log;
DELETE FROM sqlite_sequence WHERE name='process_log';
success!
success!
success!
DELETE FROM news;
DELETE FROM sqlite_sequence WHERE name='news';
success!
DELETE FROM objects;
DELETE FROM sqlite_sequence WHERE name='objects';
success!
DELETE FROM dcontent;
DELETE FROM sqlite_sequence WHERE name='dcontent';
success!
DELETE FROM process_log;
DELETE FROM sqlite_sequence WHERE name='process_log';
success!
success!
success!
success!
success!
success!
success!
success!
success!
success!
success!
success!
success!
success!
success!
success!
success!
success!
success!
success!
success!
success!
success!
success!
success!
success!
success!
success!
timestamp: 2016-03-14T14:10:27.214000
CREATE TABLE archives(
    id INTEGER PRIMARY KEY AUTOINCREMENT,
    folder INTEGER REFERENCES folder (id) ON DELETE CASCADE  ,
    name CHAR(512),
    description TEXT,
    daystart DATE,
    dayend DATE,
    user_publish CHAR(512),
    org_publish CHAR(512),
    publish_on TIMESTAMP,
    expired_on TIMESTAMP,
    created_on TIMESTAMP,
    created_by INTEGER,
    display_order INTEGER
);
success!
timestamp: 2016-03-14T14:10:41.066000
ALTER TABLE archives ADD testfield CHAR(512);
success!
success!
success!
success!
success!
success!
success!
success!
success!
success!
success!
success!
success!
success!
success!
success!
success!
success!
success!
success!
success!
success!
success!
success!
success!
success!
success!
success!
success!
success!
success!
success!
success!
success!
success!
success!
success!
success!
success!
success!
success!
success!
success!
success!
success!
success!
success!
success!
success!
success!
success!
success!
success!
success!
success!
success!
success!
success!
success!
success!
success!
success!
success!
success!
success!
success!
success!
success!
success!
success!
success!
success!
success!
success!
success!
success!
success!
success!
success!
success!
success!
success!
success!
success!
success!
success!
success!
timestamp: 2016-03-15T08:52:30.112000
ALTER TABLE archives ADD user_office CHAR(512);
timestamp: 2016-03-15T08:52:30.192000
ALTER TABLE archives ADD user_signed CHAR(512);
success!
success!
success!
success!
success!
success!
success!
success!
success!
success!
success!
success!
success!
success!
success!
success!
success!
success!
success!
success!
success!
success!
success!
success!
success!
success!
success!
success!
success!
success!
success!
success!
success!
success!
success!
success!
success!
success!
success!
success!
success!
success!
success!
success!
success!
success!
success!
success!
success!
success!
success!
success!
success!
success!
success!
success!
success!
success!
success!
success!
success!
success!
success!
success!
success!
success!
success!
success!
success!
success!
success!
success!
success!
success!
success!
success!
success!
success!
success!
success!
success!
success!
success!
success!
success!
success!
success!
success!
success!
success!
success!
success!
success!
success!
success!
success!
success!
success!
success!
success!
success!
success!
success!
success!
success!
success!
success!
success!
success!
success!
success!
success!
success!
success!
success!
success!
success!
success!
success!
success!
success!
success!
success!
success!
success!
success!
success!
success!
success!
success!
success!
success!
success!
success!
success!
success!
success!
success!
success!
success!
success!
success!
success!
success!
success!
success!
success!
success!
success!
success!
success!
success!
success!
success!
success!
success!
success!
success!
success!
success!
success!
success!
success!
success!
success!
success!
success!
success!
success!
success!
success!
success!
success!
success!
success!
success!
success!
success!
success!
success!
success!
success!
success!
success!
success!
success!
success!
success!
success!
success!
success!
success!
success!
success!
success!
success!
success!
success!
success!
success!
success!
success!
success!
success!
success!
success!
success!
success!
success!
success!
success!
success!
success!
success!
success!
success!
success!
success!
success!
success!
success!
success!
success!
success!
success!
success!
success!
success!
success!
success!
success!
success!
success!
success!
success!
timestamp: 2016-03-17T13:58:31.368000
CREATE TABLE lichcongtac(
    id INTEGER PRIMARY KEY AUTOINCREMENT,
    folder INTEGER REFERENCES folder (id) ON DELETE CASCADE  ,
    work_place CHAR(512),
    name TEXT,
    start_date DATE,
    start_time TIME,
    person CHAR(512),
    display_order INTEGER,
    created_by INTEGER,
    created_on TIMESTAMP
);
success!
timestamp: 2016-03-17T13:58:50.122000
ALTER TABLE lichcongtac ADD testfield CHAR(512);
success!
success!
success!
success!
success!
success!
success!
success!
success!
success!
success!
success!
success!
success!
success!
success!
success!
success!
success!
success!
success!
success!
success!
success!
timestamp: 2016-03-17T14:03:37.940000
ALTER TABLE lichcongtac ADD expediency CHAR(512);
success!
success!
success!
success!
success!
success!
success!
success!
success!
success!
success!
success!
success!
success!
success!
success!
success!
success!
success!
success!
success!
success!
success!
success!
success!
success!
success!
success!
success!
success!
success!
success!
success!
success!
success!
success!
success!
success!
success!
success!
success!
success!
success!
success!
success!
success!
success!
success!
success!
success!
success!
success!
success!
success!
success!
success!
success!
success!
success!
success!
success!
success!
success!
success!
success!
success!
success!
success!
success!
success!
success!
success!
success!
success!
success!
success!
success!
success!
success!
success!
success!
success!
success!
success!
success!
success!
success!
success!
success!
success!
success!
success!
success!
success!
success!
success!
success!
success!
success!
success!
success!
success!
success!
success!
success!
success!
success!
success!
success!
success!
success!
success!
success!
success!
success!
success!
success!
success!
success!
success!
success!
success!
success!
success!
success!
success!
success!
success!
success!
success!
success!
success!
success!
success!
success!
success!
success!
success!
success!
success!
success!
success!
success!
success!
success!
success!
success!
success!
success!
success!
success!
success!
success!
success!
success!
success!
success!
success!
success!
success!
success!
success!
success!
success!
timestamp: 2016-03-22T14:54:19.220000
CREATE TABLE thongbao(
    id INTEGER PRIMARY KEY AUTOINCREMENT,
    folder INTEGER REFERENCES folder (id) ON DELETE CASCADE  ,
    name TEXT,
    daystart DATE,
    dayend DATE,
    display_order INTEGER,
    created_by INTEGER,
    created_on TIMESTAMP
);
success!
timestamp: 2016-03-22T14:54:37.537000
ALTER TABLE thongbao ADD testfield CHAR(512);
success!
success!
success!
success!
success!
success!
success!
success!
success!
success!
success!
success!
success!
success!
success!
success!
success!
success!
success!
success!
success!
success!
success!
success!
success!
success!
success!
success!
success!
success!
success!
success!
success!
success!
success!
success!
success!
success!
success!
success!
success!
success!
success!
success!
success!
success!
success!
success!
success!
success!
success!
success!
success!
success!
success!
success!
success!
success!
success!
success!
success!
success!
success!
success!
success!
success!
success!
success!
success!
success!
success!
success!
success!
success!
success!
success!
success!
success!
timestamp: 2016-03-23T08:52:27.396000
ALTER TABLE procedures ADD setting TEXT;
success!
success!
success!
success!
success!
success!
success!
success!
success!
success!
success!
success!
success!
success!
success!
success!
success!
success!
success!
success!
success!
success!
success!
success!
success!
success!
success!
success!
success!
success!
success!
timestamp: 2016-03-23T09:40:25.532000
CREATE TABLE h_comment(
    id INTEGER PRIMARY KEY AUTOINCREMENT,
    folder INTEGER REFERENCES folder (id) ON DELETE CASCADE  ,
    name CHAR(512),
    description TEXT,
    email CHAR(512),
    tablename CHAR(512),
    tableid CHAR(512),
    display_order INTEGER,
    created_by INTEGER,
    created_on TIMESTAMP
);
success!
timestamp: 2016-03-23T09:40:39.696000
ALTER TABLE h_comment ADD testfield CHAR(512);
success!
success!
success!
success!
success!
success!
success!
success!
success!
success!
success!
success!
success!
success!
success!
success!
success!
success!
success!
success!
success!
success!
success!
success!
success!
success!
success!
success!
timestamp: 2016-03-23T15:05:55.692000
CREATE TABLE hoi_dap(
    id INTEGER PRIMARY KEY AUTOINCREMENT,
    folder INTEGER REFERENCES folder (id) ON DELETE CASCADE  ,
    name CHAR(512),
    description TEXT,
    nguoi_hoi CHAR(512),
    dien_thoai CHAR(512),
    email CHAR(512),
    tra_loi TEXT,
    display_order INTEGER,
    created_by INTEGER,
    created_on TIMESTAMP
);
success!
timestamp: 2016-03-23T15:06:10.662000
ALTER TABLE hoi_dap ADD testfield CHAR(512);
success!
success!
success!
success!
success!
success!
success!
success!
success!
success!
success!
success!
success!
success!
success!
success!
success!
success!
success!
success!
success!
success!
success!
success!
success!
success!
success!
success!
success!
success!
success!
success!
success!
success!
success!
success!
success!
success!
success!
success!
success!
success!
success!
success!
success!
success!
success!
success!
success!
success!
success!
success!
success!
success!
success!
success!
success!
success!
success!
success!
success!
success!
success!
success!
success!
success!
success!
success!
success!
success!
success!
success!
success!
success!
success!
success!
success!
success!
success!
success!
success!
success!
success!
success!
success!
success!
success!
success!
timestamp: 2016-03-29T14:00:10.784000
CREATE TABLE galerry(
    id INTEGER PRIMARY KEY AUTOINCREMENT,
    folder INTEGER REFERENCES folder (id) ON DELETE CASCADE  ,
    name CHAR(512),
    description TEXT,
    avatar CHAR(512),
    display_order INTEGER,
    created_by INTEGER,
    created_on TIMESTAMP
);
success!
timestamp: 2016-03-29T14:00:26.641000
ALTER TABLE galerry ADD testfield CHAR(512);
success!
success!
success!
success!
success!
success!
success!
success!
success!
success!
success!
success!
success!
success!
success!
success!
success!
success!
success!
success!
success!
success!
success!
success!
success!
success!
success!
success!
success!
success!
success!
success!
success!
success!
success!
success!
success!
success!
success!
success!
success!
success!
success!
success!
success!
success!
success!
success!
success!
success!
success!
success!
success!
success!
success!
success!
success!
success!
success!
success!
success!
success!
success!
success!
success!
success!
success!
success!
success!
success!
success!
success!
success!
success!
success!
success!
success!
success!
success!
success!
success!
success!
success!
success!
success!
success!
success!
success!
success!
success!
success!
success!
success!
success!
success!
success!
success!
success!
success!
success!
success!
success!
success!
success!
success!
success!
success!
success!
success!
success!
success!
success!
success!
success!
success!
success!
success!
success!
success!
success!
success!
success!
success!
success!
success!
success!
success!
success!
success!
success!
success!
success!
success!
success!
success!
success!
success!
success!
success!
success!
success!
success!
success!
success!
success!
success!
success!
success!
success!
success!
success!
success!
success!
success!
success!
success!
success!
success!
success!
success!
success!
success!
success!
success!
success!
success!
success!
success!
success!
success!
success!
success!
success!
success!
success!
success!
success!
success!
success!
success!
success!
success!
success!
success!
success!
success!
success!
success!
success!
success!
success!
success!
success!
success!
success!
success!
success!
success!
success!
success!
success!
success!
success!
success!
success!
success!
success!
success!
success!
success!
success!
success!
success!
success!
success!
success!
success!
success!
success!
success!
success!
success!
success!
success!
success!
success!
success!
success!
success!
success!
success!
success!
success!
success!
success!
success!
success!
success!
success!
success!
success!
success!
success!
success!
success!
success!
success!
success!
success!
success!
success!
success!
timestamp: 2016-03-31T15:43:15.874000
CREATE TABLE readcontent(
    id INTEGER PRIMARY KEY AUTOINCREMENT,
    foldername CHAR(512),
    tablename CHAR(512),
    link CHAR(512),
    clientip CHAR(512),
    user_agent CHAR(512),
    created_on TIMESTAMP
);
success!
success!
success!
success!
success!
success!
success!
success!
success!
success!
success!
success!
success!
success!
success!
success!
success!
success!
success!
success!
success!
success!
success!
success!
success!
success!
success!
success!
success!
success!
success!
success!
success!
success!
success!
success!
success!
success!
success!
success!
success!
success!
success!
success!
success!
success!
success!
success!
success!
success!
success!
success!
success!
success!
success!
success!
success!
success!
success!
success!
success!
success!
success!
success!
success!
success!
success!
success!
success!
success!
success!
success!
success!
success!
success!
success!
success!
success!
success!
success!
success!
success!
success!
success!
success!
success!
success!
success!
success!
success!
success!
success!
success!
success!
success!
success!
success!
success!
success!
success!
success!
success!
success!
success!
success!
success!
success!
success!
success!
success!
success!
success!
success!
success!
success!
success!
success!
success!
success!
success!
success!
success!
success!
success!
success!
success!
success!
success!
success!
success!
success!
success!
success!
success!
success!
success!
success!
success!
success!
success!
success!
success!
success!
success!
success!
success!
success!
success!
success!
success!
success!
success!
success!
success!
success!
success!
success!
success!
success!
success!
success!
success!
success!
success!
success!
success!
success!
success!
success!
success!
success!
success!
success!
success!
success!
success!
success!
success!
success!
success!
success!
success!
success!
success!
success!
success!
success!
success!
success!
success!
success!
success!
success!
success!
success!
success!
success!
success!
success!
success!
success!
success!
success!
success!
success!
success!
success!
success!
success!
success!
success!
success!
success!
success!
success!
success!
success!
success!
success!
success!
success!
success!
success!
success!
success!
success!
success!
success!
success!
success!
success!
success!
success!
success!
success!
success!
success!
success!
success!
success!
success!
success!
success!
success!
success!
success!
success!
success!
success!
success!
success!
success!
success!
success!
success!
success!
success!
success!
success!
success!
success!
success!
success!
success!
success!
success!
success!
success!
success!
success!
success!
success!
success!
success!
success!
success!
success!
success!
success!
success!
success!
success!
success!
success!
success!
success!
success!
success!
success!
success!
success!
success!
success!
success!
success!
success!
success!
success!
success!
success!
success!
success!
success!
success!
success!
success!
success!
success!
success!
success!
success!
success!
success!
success!
success!
success!
success!
success!
success!
success!
success!
success!
success!
success!
success!
success!
success!
success!
success!
success!
success!
success!
success!
success!
success!
success!
success!
success!
success!
success!
success!
success!
success!
success!
success!
success!
success!
success!
success!
success!
success!
success!
success!
success!
success!
success!
success!
success!
success!
success!
success!
success!
success!
success!
success!
success!
success!
success!
success!
success!
success!
success!
success!
success!
success!
success!
success!
success!
success!
success!
success!
success!
success!
success!
success!
success!
success!
success!
success!
success!
success!
success!
success!
success!
success!
success!
success!
success!
success!
success!
success!
success!
success!
success!
success!
success!
success!
success!
success!
success!
success!
success!
success!
success!
success!
success!
success!
success!
success!
success!
success!
success!
success!
success!
success!
success!
success!
success!
success!
success!
success!
success!
success!
success!
success!
success!
success!
success!
success!
success!
success!
success!
success!
success!
success!
success!
success!
success!
success!
success!
success!
success!
success!
success!
success!
success!
success!
success!
success!
success!
success!
success!
success!
success!
success!
success!
success!
success!
success!
success!
success!
success!
success!
success!
success!
success!
success!
success!
success!
success!
success!
success!
success!
success!
success!
success!
success!
success!
success!
success!
success!
success!
success!
success!
success!
success!
success!
success!
success!
success!
success!
success!
success!
success!
success!
success!
success!
success!
success!
success!
success!
success!
success!
success!
success!
success!
success!
success!
success!
success!
success!
success!
success!
success!
success!
success!
success!
success!
success!
success!
success!
success!
success!
success!
success!
success!
success!
success!
success!
success!
success!
success!
success!
success!
success!
success!
success!
success!
success!
success!
success!
success!
success!
success!
success!
success!
success!
success!
success!
success!
success!
success!
success!
success!
success!
success!
success!
success!
success!
success!
success!
success!
success!
success!
success!
success!
success!
success!
success!
success!
success!
success!
success!
success!
success!
success!
success!
success!
success!
success!
success!
success!
success!
success!
success!
success!
success!
success!
success!
success!
success!
success!
success!
success!
success!
success!
success!
success!
success!
success!
success!
success!
success!
success!
success!
success!
success!
success!
success!
success!
success!
success!
success!
success!
success!
success!
success!
success!
success!
success!
success!
success!
success!
success!
success!
success!
success!
success!
success!
success!
success!
success!
success!
success!
success!
success!
success!
success!
success!
success!
success!
success!
success!
success!
success!
success!
success!
success!
success!
success!
success!
success!
success!
success!
success!
success!
success!
success!
success!
success!
success!
success!
success!
success!
success!
success!
success!
success!
success!
success!
success!
success!
success!
success!
success!
success!
success!
success!
success!
success!
success!
success!
success!
success!
success!
success!
success!
success!
success!
success!
success!
success!
success!
success!
success!
success!
success!
success!
success!
success!
success!
success!
success!
success!
success!
success!
success!
success!
success!
success!
success!
success!
success!
success!
success!
success!
success!
success!
success!
timestamp: 2016-04-06T10:24:58.294265
CREATE TABLE test(
    id INTEGER PRIMARY KEY AUTOINCREMENT,
    folder INTEGER REFERENCES folder (id) ON DELETE CASCADE  ,
    name CHAR(512),
    display_order INTEGER,
    created_by INTEGER,
    created_on TIMESTAMP
);
success!
success!
success!
success!
success!
success!
success!
success!
success!
success!
success!
success!
success!
success!
success!
success!
success!
success!
success!
success!
success!
success!
success!
success!
success!
success!
success!
success!
success!
success!
success!
success!
success!
timestamp: 2016-04-06T10:42:16.922619
CREATE TABLE test(
    id INTEGER PRIMARY KEY AUTOINCREMENT,
    folder INTEGER REFERENCES folder (id) ON DELETE CASCADE  ,
    name CHAR(512),
    display_order INTEGER,
    created_by INTEGER,
    created_on TIMESTAMP
);
success!
success!
success!
success!
success!
success!
success!
success!
timestamp: 2016-04-06T10:42:56.299411
CREATE TABLE test(
    id INTEGER PRIMARY KEY AUTOINCREMENT,
    folder INTEGER REFERENCES folder (id) ON DELETE CASCADE  ,
    name CHAR(512),
    display_order INTEGER,
    created_by INTEGER,
    created_on TIMESTAMP
);
success!
success!
success!
success!
success!
success!
success!
success!
timestamp: 2016-04-06T10:42:58.896877
CREATE TABLE test(
    id INTEGER PRIMARY KEY AUTOINCREMENT,
    folder INTEGER REFERENCES folder (id) ON DELETE CASCADE  ,
    name CHAR(512),
    display_order INTEGER,
    created_by INTEGER,
    created_on TIMESTAMP
);
success!
success!
success!
success!
success!
success!
success!
success!
timestamp: 2016-04-06T10:42:59.957095
CREATE TABLE test(
    id INTEGER PRIMARY KEY AUTOINCREMENT,
    folder INTEGER REFERENCES folder (id) ON DELETE CASCADE  ,
    name CHAR(512),
    display_order INTEGER,
    created_by INTEGER,
    created_on TIMESTAMP
);
success!
success!
success!
success!
success!
success!
success!
success!
timestamp: 2016-04-06T10:43:06.949420
CREATE TABLE test(
    id INTEGER PRIMARY KEY AUTOINCREMENT,
    folder INTEGER REFERENCES folder (id) ON DELETE CASCADE  ,
    name CHAR(512),
    display_order INTEGER,
    created_by INTEGER,
    created_on TIMESTAMP
);
success!
success!
success!
success!
success!
success!
success!
success!
timestamp: 2016-04-06T10:46:39.054836
CREATE TABLE test(
    id INTEGER PRIMARY KEY AUTOINCREMENT,
    folder INTEGER REFERENCES folder (id) ON DELETE CASCADE  ,
    name CHAR(512),
    display_order INTEGER,
    created_by INTEGER,
    created_on TIMESTAMP
);
success!
success!
success!
success!
success!
success!
success!
success!
timestamp: 2016-04-06T10:46:40.077834
CREATE TABLE test(
    id INTEGER PRIMARY KEY AUTOINCREMENT,
    folder INTEGER REFERENCES folder (id) ON DELETE CASCADE  ,
    name CHAR(512),
    display_order INTEGER,
    created_by INTEGER,
    created_on TIMESTAMP
);
success!
success!
success!
success!
success!
success!
success!
success!
timestamp: 2016-04-06T10:46:45.963059
CREATE TABLE test(
    id INTEGER PRIMARY KEY AUTOINCREMENT,
    folder INTEGER REFERENCES folder (id) ON DELETE CASCADE  ,
    name CHAR(512),
    display_order INTEGER,
    created_by INTEGER,
    created_on TIMESTAMP
);
success!
success!
success!
success!
success!
success!
success!
success!
timestamp: 2016-04-06T10:47:29.306531
CREATE TABLE test(
    id INTEGER PRIMARY KEY AUTOINCREMENT,
    folder INTEGER REFERENCES folder (id) ON DELETE CASCADE  ,
    name CHAR(512),
    display_order INTEGER,
    created_by INTEGER,
    created_on TIMESTAMP
);
success!
success!
success!
success!
success!
success!
success!
success!
timestamp: 2016-04-06T10:47:43.209655
CREATE TABLE test(
    id INTEGER PRIMARY KEY AUTOINCREMENT,
    folder INTEGER REFERENCES folder (id) ON DELETE CASCADE  ,
    name CHAR(512),
    display_order INTEGER,
    created_by INTEGER,
    created_on TIMESTAMP
);
success!
success!
success!
success!
success!
success!
success!
success!
timestamp: 2016-04-06T10:47:44.017803
CREATE TABLE test(
    id INTEGER PRIMARY KEY AUTOINCREMENT,
    folder INTEGER REFERENCES folder (id) ON DELETE CASCADE  ,
    name CHAR(512),
    display_order INTEGER,
    created_by INTEGER,
    created_on TIMESTAMP
);
success!
success!
success!
success!
success!
success!
success!
success!
timestamp: 2016-04-06T10:47:48.418009
CREATE TABLE test(
    id INTEGER PRIMARY KEY AUTOINCREMENT,
    folder INTEGER REFERENCES folder (id) ON DELETE CASCADE  ,
    name CHAR(512),
    display_order INTEGER,
    created_by INTEGER,
    created_on TIMESTAMP
);
success!
success!
success!
success!
success!
success!
success!
success!
timestamp: 2016-04-06T10:49:04.544619
CREATE TABLE test(
    id INTEGER PRIMARY KEY AUTOINCREMENT,
    folder INTEGER REFERENCES folder (id) ON DELETE CASCADE  ,
    name CHAR(512),
    display_order INTEGER,
    created_by INTEGER,
    created_on TIMESTAMP
);
success!
success!
success!
success!
success!
success!
success!
success!
timestamp: 2016-04-06T10:49:07.142241
CREATE TABLE test(
    id INTEGER PRIMARY KEY AUTOINCREMENT,
    folder INTEGER REFERENCES folder (id) ON DELETE CASCADE  ,
    name CHAR(512),
    display_order INTEGER,
    created_by INTEGER,
    created_on TIMESTAMP
);
success!
success!
success!
success!
success!
success!
success!
success!
timestamp: 2016-04-06T10:49:07.960863
CREATE TABLE test(
    id INTEGER PRIMARY KEY AUTOINCREMENT,
    folder INTEGER REFERENCES folder (id) ON DELETE CASCADE  ,
    name CHAR(512),
    display_order INTEGER,
    created_by INTEGER,
    created_on TIMESTAMP
);
success!
success!
success!
success!
success!
success!
success!
success!
timestamp: 2016-04-06T10:49:15.360642
CREATE TABLE test(
    id INTEGER PRIMARY KEY AUTOINCREMENT,
    folder INTEGER REFERENCES folder (id) ON DELETE CASCADE  ,
    name CHAR(512),
    display_order INTEGER,
    created_by INTEGER,
    created_on TIMESTAMP
);
success!
success!
success!
success!
success!
success!
success!
success!
timestamp: 2016-04-06T10:49:16.090106
CREATE TABLE test(
    id INTEGER PRIMARY KEY AUTOINCREMENT,
    folder INTEGER REFERENCES folder (id) ON DELETE CASCADE  ,
    name CHAR(512),
    display_order INTEGER,
    created_by INTEGER,
    created_on TIMESTAMP
);
success!
success!
success!
success!
success!
success!
success!
success!
timestamp: 2016-04-06T10:49:21.239116
CREATE TABLE test(
    id INTEGER PRIMARY KEY AUTOINCREMENT,
    folder INTEGER REFERENCES folder (id) ON DELETE CASCADE  ,
    name CHAR(512),
    display_order INTEGER,
    created_by INTEGER,
    created_on TIMESTAMP
);
success!
success!
success!
success!
success!
success!
success!
success!
timestamp: 2016-04-06T11:04:12.028621
CREATE TABLE test(
    id INTEGER PRIMARY KEY AUTOINCREMENT,
    folder INTEGER REFERENCES folder (id) ON DELETE CASCADE  ,
    name CHAR(512),
    display_order INTEGER,
    created_by INTEGER,
    created_on TIMESTAMP
);
success!
success!
success!
success!
success!
success!
success!
success!
timestamp: 2016-04-06T11:04:12.947967
CREATE TABLE test(
    id INTEGER PRIMARY KEY AUTOINCREMENT,
    folder INTEGER REFERENCES folder (id) ON DELETE CASCADE  ,
    name CHAR(512),
    display_order INTEGER,
    created_by INTEGER,
    created_on TIMESTAMP
);
success!
success!
success!
success!
success!
success!
success!
success!
timestamp: 2016-04-06T11:04:16.691754
CREATE TABLE test(
    id INTEGER PRIMARY KEY AUTOINCREMENT,
    folder INTEGER REFERENCES folder (id) ON DELETE CASCADE  ,
    name CHAR(512),
    display_order INTEGER,
    created_by INTEGER,
    created_on TIMESTAMP
);
success!
success!
success!
success!
success!
success!
success!
success!
timestamp: 2016-04-06T11:04:18.933613
CREATE TABLE test(
    id INTEGER PRIMARY KEY AUTOINCREMENT,
    folder INTEGER REFERENCES folder (id) ON DELETE CASCADE  ,
    name CHAR(512),
    display_order INTEGER,
    created_by INTEGER,
    created_on TIMESTAMP
);
success!
success!
success!
success!
success!
success!
success!
success!
timestamp: 2016-04-06T11:04:49.155571
CREATE TABLE test(
    id INTEGER PRIMARY KEY AUTOINCREMENT,
    folder INTEGER REFERENCES folder (id) ON DELETE CASCADE  ,
    name CHAR(512),
    display_order INTEGER,
    created_by INTEGER,
    created_on TIMESTAMP
);
success!
success!
success!
success!
success!
success!
success!
success!
timestamp: 2016-04-06T11:04:51.448133
CREATE TABLE test(
    id INTEGER PRIMARY KEY AUTOINCREMENT,
    folder INTEGER REFERENCES folder (id) ON DELETE CASCADE  ,
    name CHAR(512),
    display_order INTEGER,
    created_by INTEGER,
    created_on TIMESTAMP
);
success!
success!
success!
success!
success!
success!
success!
success!
timestamp: 2016-04-06T11:05:55.733166
CREATE TABLE test(
    id INTEGER PRIMARY KEY AUTOINCREMENT,
    folder INTEGER REFERENCES folder (id) ON DELETE CASCADE  ,
    name CHAR(512),
    display_order INTEGER,
    created_by INTEGER,
    created_on TIMESTAMP
);
success!
success!
success!
success!
success!
success!
success!
success!
timestamp: 2016-04-06T11:05:56.919665
CREATE TABLE test(
    id INTEGER PRIMARY KEY AUTOINCREMENT,
    folder INTEGER REFERENCES folder (id) ON DELETE CASCADE  ,
    name CHAR(512),
    display_order INTEGER,
    created_by INTEGER,
    created_on TIMESTAMP
);
success!
success!
success!
success!
success!
success!
success!
success!
timestamp: 2016-04-06T11:06:26.771398
CREATE TABLE test(
    id INTEGER PRIMARY KEY AUTOINCREMENT,
    folder INTEGER REFERENCES folder (id) ON DELETE CASCADE  ,
    name CHAR(512),
    display_order INTEGER,
    created_by INTEGER,
    created_on TIMESTAMP
);
success!
success!
success!
success!
success!
success!
success!
success!
timestamp: 2016-04-06T11:06:32.354465
CREATE TABLE test(
    id INTEGER PRIMARY KEY AUTOINCREMENT,
    folder INTEGER REFERENCES folder (id) ON DELETE CASCADE  ,
    name CHAR(512),
    display_order INTEGER,
    created_by INTEGER,
    created_on TIMESTAMP
);
success!
success!
success!
success!
success!
success!
success!
success!
timestamp: 2016-04-06T11:09:38.003179
CREATE TABLE test(
    id INTEGER PRIMARY KEY AUTOINCREMENT,
    folder INTEGER REFERENCES folder (id) ON DELETE CASCADE  ,
    name CHAR(512),
    display_order INTEGER,
    created_by INTEGER,
    created_on TIMESTAMP
);
success!
success!
success!
success!
success!
success!
success!
success!
timestamp: 2016-04-06T11:09:38.127758
CREATE TABLE test(
    id INTEGER PRIMARY KEY AUTOINCREMENT,
    folder INTEGER REFERENCES folder (id) ON DELETE CASCADE  ,
    name CHAR(512),
    display_order INTEGER,
    created_by INTEGER,
    created_on TIMESTAMP
);
success!
success!
success!
success!
success!
success!
success!
success!
timestamp: 2016-04-06T11:10:11.845220
CREATE TABLE test(
    id INTEGER PRIMARY KEY AUTOINCREMENT,
    folder INTEGER REFERENCES folder (id) ON DELETE CASCADE  ,
    name CHAR(512),
    display_order INTEGER,
    created_by INTEGER,
    created_on TIMESTAMP
);
success!
success!
success!
success!
success!
success!
success!
success!
timestamp: 2016-04-06T11:10:15.668907
CREATE TABLE test(
    id INTEGER PRIMARY KEY AUTOINCREMENT,
    folder INTEGER REFERENCES folder (id) ON DELETE CASCADE  ,
    name CHAR(512),
    display_order INTEGER,
    created_by INTEGER,
    created_on TIMESTAMP
);
success!
success!
success!
success!
success!
success!
success!
success!
timestamp: 2016-04-06T11:10:15.790591
CREATE TABLE test(
    id INTEGER PRIMARY KEY AUTOINCREMENT,
    folder INTEGER REFERENCES folder (id) ON DELETE CASCADE  ,
    name CHAR(512),
    display_order INTEGER,
    created_by INTEGER,
    created_on TIMESTAMP
);
success!
success!
success!
success!
success!
success!
success!
success!
timestamp: 2016-04-06T14:07:25.660049
CREATE TABLE test(
    id INTEGER PRIMARY KEY AUTOINCREMENT,
    folder INTEGER REFERENCES folder (id) ON DELETE CASCADE  ,
    name CHAR(512),
    display_order INTEGER,
    created_by INTEGER,
    created_on TIMESTAMP
);
success!
success!
success!
success!
success!
success!
success!
success!
timestamp: 2016-04-06T14:13:20.996848
CREATE TABLE test(
    id INTEGER PRIMARY KEY AUTOINCREMENT,
    folder INTEGER REFERENCES folder (id) ON DELETE CASCADE  ,
    name CHAR(512),
    display_order INTEGER,
    created_by INTEGER,
    created_on TIMESTAMP
);
success!
success!
success!
success!
success!
success!
success!
success!
timestamp: 2016-04-06T14:13:23.166902
CREATE TABLE test(
    id INTEGER PRIMARY KEY AUTOINCREMENT,
    folder INTEGER REFERENCES folder (id) ON DELETE CASCADE  ,
    name CHAR(512),
    display_order INTEGER,
    created_by INTEGER,
    created_on TIMESTAMP
);
success!
success!
success!
success!
success!
success!
success!
success!
timestamp: 2016-04-06T14:13:23.928142
CREATE TABLE test(
    id INTEGER PRIMARY KEY AUTOINCREMENT,
    folder INTEGER REFERENCES folder (id) ON DELETE CASCADE  ,
    name CHAR(512),
    display_order INTEGER,
    created_by INTEGER,
    created_on TIMESTAMP
);
success!
success!
success!
success!
success!
success!
success!
success!
timestamp: 2016-04-06T14:13:28.099213
CREATE TABLE test(
    id INTEGER PRIMARY KEY AUTOINCREMENT,
    folder INTEGER REFERENCES folder (id) ON DELETE CASCADE  ,
    name CHAR(512),
    display_order INTEGER,
    created_by INTEGER,
    created_on TIMESTAMP
);
success!
success!
success!
success!
success!
success!
success!
success!
timestamp: 2016-04-06T14:13:31.965369
CREATE TABLE test(
    id INTEGER PRIMARY KEY AUTOINCREMENT,
    folder INTEGER REFERENCES folder (id) ON DELETE CASCADE  ,
    name CHAR(512),
    display_order INTEGER,
    created_by INTEGER,
    created_on TIMESTAMP
);
success!
success!
success!
success!
success!
success!
success!
success!
timestamp: 2016-04-06T14:14:19.291466
CREATE TABLE test(
    id INTEGER PRIMARY KEY AUTOINCREMENT,
    folder INTEGER REFERENCES folder (id) ON DELETE CASCADE  ,
    name CHAR(512),
    display_order INTEGER,
    created_by INTEGER,
    created_on TIMESTAMP
);
success!
success!
success!
success!
success!
success!
success!
success!
timestamp: 2016-04-06T14:15:14.967769
CREATE TABLE test(
    id INTEGER PRIMARY KEY AUTOINCREMENT,
    folder INTEGER REFERENCES folder (id) ON DELETE CASCADE  ,
    name CHAR(512),
    display_order INTEGER,
    created_by INTEGER,
    created_on TIMESTAMP
);
success!
success!
success!
success!
success!
success!
success!
success!
timestamp: 2016-04-06T15:23:28.676000
CREATE TABLE test(
    id INTEGER PRIMARY KEY AUTOINCREMENT,
    folder INTEGER REFERENCES folder (id) ON DELETE CASCADE  ,
    name CHAR(512),
    display_order INTEGER,
    created_by INTEGER,
    created_on TIMESTAMP
);
success!
success!
success!
success!
success!
success!
success!
success!
timestamp: 2016-04-06T15:24:53.954000
CREATE TABLE test(
    id INTEGER PRIMARY KEY AUTOINCREMENT,
    folder INTEGER REFERENCES folder (id) ON DELETE CASCADE  ,
    name CHAR(512),
    display_order INTEGER,
    created_by INTEGER,
    created_on TIMESTAMP
);
success!
success!
success!
success!
success!
success!
success!
success!
timestamp: 2016-04-06T15:24:54.462000
CREATE TABLE test(
    id INTEGER PRIMARY KEY AUTOINCREMENT,
    folder INTEGER REFERENCES folder (id) ON DELETE CASCADE  ,
    name CHAR(512),
    display_order INTEGER,
    created_by INTEGER,
    created_on TIMESTAMP
);
success!
success!
success!
success!
success!
success!
success!
success!
timestamp: 2016-04-06T15:25:16.368000
CREATE TABLE test(
    id INTEGER PRIMARY KEY AUTOINCREMENT,
    folder INTEGER REFERENCES folder (id) ON DELETE CASCADE  ,
    name CHAR(512),
    display_order INTEGER,
    created_by INTEGER,
    created_on TIMESTAMP
);
success!
success!
success!
success!
success!
success!
success!
success!
timestamp: 2016-04-07T10:06:43.527000
CREATE TABLE test(
    id INTEGER PRIMARY KEY AUTOINCREMENT,
    folder INTEGER REFERENCES folder (id) ON DELETE CASCADE  ,
    name CHAR(512),
    display_order INTEGER,
    created_by INTEGER,
    created_on TIMESTAMP
);
success!
success!
success!
success!
success!
success!
success!
success!
timestamp: 2016-04-07T10:06:46.162000
CREATE TABLE test(
    id INTEGER PRIMARY KEY AUTOINCREMENT,
    folder INTEGER REFERENCES folder (id) ON DELETE CASCADE  ,
    name CHAR(512),
    display_order INTEGER,
    created_by INTEGER,
    created_on TIMESTAMP
);
success!
success!
success!
success!
success!
success!
success!
success!
timestamp: 2016-04-07T10:06:46.778000
CREATE TABLE test(
    id INTEGER PRIMARY KEY AUTOINCREMENT,
    folder INTEGER REFERENCES folder (id) ON DELETE CASCADE  ,
    name CHAR(512),
    display_order INTEGER,
    created_by INTEGER,
    created_on TIMESTAMP
);
success!
success!
success!
success!
success!
success!
success!
success!
timestamp: 2016-04-07T10:06:51.519000
CREATE TABLE test(
    id INTEGER PRIMARY KEY AUTOINCREMENT,
    folder INTEGER REFERENCES folder (id) ON DELETE CASCADE  ,
    name CHAR(512),
    display_order INTEGER,
    created_by INTEGER,
    created_on TIMESTAMP
);
success!
success!
success!
success!
success!
success!
success!
success!
timestamp: 2016-04-07T10:06:56.338000
CREATE TABLE test(
    id INTEGER PRIMARY KEY AUTOINCREMENT,
    folder INTEGER REFERENCES folder (id) ON DELETE CASCADE  ,
    name CHAR(512),
    display_order INTEGER,
    created_by INTEGER,
    created_on TIMESTAMP
);
success!
success!
success!
success!
success!
success!
success!
success!
timestamp: 2016-04-07T10:07:02.765000
CREATE TABLE test(
    id INTEGER PRIMARY KEY AUTOINCREMENT,
    folder INTEGER REFERENCES folder (id) ON DELETE CASCADE  ,
    name CHAR(512),
    display_order INTEGER,
    created_by INTEGER,
    created_on TIMESTAMP
);
success!
success!
success!
success!
success!
success!
success!
success!
timestamp: 2016-04-07T10:07:03.049000
CREATE TABLE test(
    id INTEGER PRIMARY KEY AUTOINCREMENT,
    folder INTEGER REFERENCES folder (id) ON DELETE CASCADE  ,
    name CHAR(512),
    display_order INTEGER,
    created_by INTEGER,
    created_on TIMESTAMP
);
success!
success!
success!
success!
success!
success!
success!
success!
timestamp: 2016-04-07T10:41:47.761000
CREATE TABLE test(
    id INTEGER PRIMARY KEY AUTOINCREMENT,
    folder INTEGER REFERENCES folder (id) ON DELETE CASCADE  ,
    name CHAR(512),
    display_order INTEGER,
    created_by INTEGER,
    created_on TIMESTAMP
);
success!
success!
success!
success!
success!
success!
success!
success!
timestamp: 2016-04-07T14:35:42.632000
CREATE TABLE test(
    id INTEGER PRIMARY KEY AUTOINCREMENT,
    folder INTEGER REFERENCES folder (id) ON DELETE CASCADE  ,
    name CHAR(512),
    display_order INTEGER,
    created_by INTEGER,
    created_on TIMESTAMP
);
success!
success!
success!
success!
success!
success!
success!
success!
timestamp: 2016-04-07T14:35:44.697000
CREATE TABLE test(
    id INTEGER PRIMARY KEY AUTOINCREMENT,
    folder INTEGER REFERENCES folder (id) ON DELETE CASCADE  ,
    name CHAR(512),
    display_order INTEGER,
    created_by INTEGER,
    created_on TIMESTAMP
);
success!
success!
success!
success!
success!
success!
success!
success!
timestamp: 2016-04-07T14:35:45.290000
CREATE TABLE test(
    id INTEGER PRIMARY KEY AUTOINCREMENT,
    folder INTEGER REFERENCES folder (id) ON DELETE CASCADE  ,
    name CHAR(512),
    display_order INTEGER,
    created_by INTEGER,
    created_on TIMESTAMP
);
success!
success!
success!
success!
success!
success!
success!
success!
timestamp: 2016-04-07T14:35:51.029000
CREATE TABLE test(
    id INTEGER PRIMARY KEY AUTOINCREMENT,
    folder INTEGER REFERENCES folder (id) ON DELETE CASCADE  ,
    name CHAR(512),
    display_order INTEGER,
    created_by INTEGER,
    created_on TIMESTAMP
);
success!
success!
success!
success!
success!
success!
success!
success!
timestamp: 2016-04-07T14:35:54.476000
CREATE TABLE test(
    id INTEGER PRIMARY KEY AUTOINCREMENT,
    folder INTEGER REFERENCES folder (id) ON DELETE CASCADE  ,
    name CHAR(512),
    display_order INTEGER,
    created_by INTEGER,
    created_on TIMESTAMP
);
success!
success!
success!
success!
success!
success!
success!
success!
timestamp: 2016-04-07T14:35:59.944000
CREATE TABLE test(
    id INTEGER PRIMARY KEY AUTOINCREMENT,
    folder INTEGER REFERENCES folder (id) ON DELETE CASCADE  ,
    name CHAR(512),
    display_order INTEGER,
    created_by INTEGER,
    created_on TIMESTAMP
);
success!
success!
success!
success!
success!
success!
success!
success!
timestamp: 2016-04-07T14:36:01.775000
CREATE TABLE test(
    id INTEGER PRIMARY KEY AUTOINCREMENT,
    folder INTEGER REFERENCES folder (id) ON DELETE CASCADE  ,
    name CHAR(512),
    display_order INTEGER,
    created_by INTEGER,
    created_on TIMESTAMP
);
success!
success!
success!
success!
success!
success!
success!
success!
timestamp: 2016-04-07T14:36:37.712000
CREATE TABLE test(
    id INTEGER PRIMARY KEY AUTOINCREMENT,
    folder INTEGER REFERENCES folder (id) ON DELETE CASCADE  ,
    name CHAR(512),
    display_order INTEGER,
    created_by INTEGER,
    created_on TIMESTAMP
);
success!
success!
success!
success!
success!
success!
success!
success!
timestamp: 2016-04-07T14:36:44.334000
CREATE TABLE test(
    id INTEGER PRIMARY KEY AUTOINCREMENT,
    folder INTEGER REFERENCES folder (id) ON DELETE CASCADE  ,
    name CHAR(512),
    display_order INTEGER,
    created_by INTEGER,
    created_on TIMESTAMP
);
success!
success!
success!
success!
success!
success!
success!
success!
timestamp: 2016-04-07T14:36:47.216000
CREATE TABLE test(
    id INTEGER PRIMARY KEY AUTOINCREMENT,
    folder INTEGER REFERENCES folder (id) ON DELETE CASCADE  ,
    name CHAR(512),
    display_order INTEGER,
    created_by INTEGER,
    created_on TIMESTAMP
);
success!
success!
success!
success!
success!
success!
success!
success!
timestamp: 2016-04-11T07:49:41.034000
CREATE TABLE test(
    id INTEGER PRIMARY KEY AUTOINCREMENT,
    folder INTEGER REFERENCES folder (id) ON DELETE CASCADE  ,
    name CHAR(512),
    display_order INTEGER,
    created_by INTEGER,
    created_on TIMESTAMP
);
success!
success!
success!
success!
success!
success!
success!
success!
timestamp: 2016-04-11T07:50:34.567000
CREATE TABLE test(
    id INTEGER PRIMARY KEY AUTOINCREMENT,
    folder INTEGER REFERENCES folder (id) ON DELETE CASCADE  ,
    name CHAR(512),
    display_order INTEGER,
    created_by INTEGER,
    created_on TIMESTAMP
);
success!
success!
success!
success!
success!
success!
success!
success!
timestamp: 2016-04-11T07:50:35.660000
CREATE TABLE test(
    id INTEGER PRIMARY KEY AUTOINCREMENT,
    folder INTEGER REFERENCES folder (id) ON DELETE CASCADE  ,
    name CHAR(512),
    display_order INTEGER,
    created_by INTEGER,
    created_on TIMESTAMP
);
success!
success!
success!
success!
success!
success!
success!
success!
timestamp: 2016-04-11T07:50:43.179000
CREATE TABLE test(
    id INTEGER PRIMARY KEY AUTOINCREMENT,
    folder INTEGER REFERENCES folder (id) ON DELETE CASCADE  ,
    name CHAR(512),
    display_order INTEGER,
    created_by INTEGER,
    created_on TIMESTAMP
);
success!
success!
success!
success!
success!
success!
success!
success!
timestamp: 2016-04-11T07:50:47.443000
CREATE TABLE test(
    id INTEGER PRIMARY KEY AUTOINCREMENT,
    folder INTEGER REFERENCES folder (id) ON DELETE CASCADE  ,
    name CHAR(512),
    display_order INTEGER,
    created_by INTEGER,
    created_on TIMESTAMP
);
success!
success!
success!
success!
success!
success!
success!
success!
timestamp: 2016-04-11T07:59:50.846000
CREATE TABLE test(
    id INTEGER PRIMARY KEY AUTOINCREMENT,
    folder INTEGER REFERENCES folder (id) ON DELETE CASCADE  ,
    name CHAR(512),
    display_order INTEGER,
    created_by INTEGER,
    created_on TIMESTAMP
);
success!
success!
success!
success!
success!
success!
success!
success!
timestamp: 2016-04-11T07:59:52.488000
CREATE TABLE test(
    id INTEGER PRIMARY KEY AUTOINCREMENT,
    folder INTEGER REFERENCES folder (id) ON DELETE CASCADE  ,
    name CHAR(512),
    display_order INTEGER,
    created_by INTEGER,
    created_on TIMESTAMP
);
success!
success!
success!
success!
success!
success!
success!
success!
timestamp: 2016-04-11T08:00:23.089000
CREATE TABLE test(
    id INTEGER PRIMARY KEY AUTOINCREMENT,
    folder INTEGER REFERENCES folder (id) ON DELETE CASCADE  ,
    name CHAR(512),
    display_order INTEGER,
    created_by INTEGER,
    created_on TIMESTAMP
);
success!
success!
success!
success!
success!
success!
success!
success!
timestamp: 2016-04-11T08:00:24.904000
CREATE TABLE test(
    id INTEGER PRIMARY KEY AUTOINCREMENT,
    folder INTEGER REFERENCES folder (id) ON DELETE CASCADE  ,
    name CHAR(512),
    display_order INTEGER,
    created_by INTEGER,
    created_on TIMESTAMP
);
